Using backend: pytorch
Other supported backends: tensorflow.compat.v1, tensorflow, jax, paddle.
paddle supports more examples now and is recommended.
Warning: 283 points required, but 343 points sampled.
Warning: 10000 points required, but 12348 points sampled.
Compiling model...
'compile' took 0.246086 s

Training model...

Step      Train loss                                                                                              Test loss                                                                                               Test metric
0         [6.29e-02, 1.17e-02, 1.47e-02, 9.62e-02, 1.29e+02, 1.08e+02, 1.18e+02, 2.22e+02, 1.97e+02, 2.17e+02]    [5.72e-02, 1.06e-02, 1.42e-02, 9.98e-02, 1.29e+02, 1.08e+02, 1.18e+02, 2.22e+02, 1.97e+02, 2.17e+02]    []  
1000      [3.42e-01, 2.82e-01, 3.45e-01, 1.53e-02, 2.44e-01, 1.85e-01, 2.41e-01, 1.19e-01, 8.29e-02, 1.05e-01]    [1.56e-01, 1.17e-01, 1.26e-01, 6.81e-03, 2.44e-01, 1.85e-01, 2.41e-01, 1.19e-01, 8.29e-02, 1.05e-01]    []  
2000      [7.61e-02, 8.10e-02, 8.07e-02, 7.33e-03, 5.67e-02, 4.35e-02, 4.26e-02, 2.84e-02, 2.47e-02, 2.67e-02]    [3.09e-02, 3.66e-02, 3.27e-02, 3.61e-03, 5.67e-02, 4.35e-02, 4.26e-02, 2.84e-02, 2.47e-02, 2.67e-02]    []  
3000      [3.46e-02, 4.23e-02, 3.89e-02, 4.09e-03, 2.54e-02, 2.06e-02, 2.17e-02, 1.30e-02, 1.28e-02, 1.49e-02]    [1.39e-02, 2.00e-02, 1.43e-02, 1.81e-03, 2.54e-02, 2.06e-02, 2.17e-02, 1.30e-02, 1.28e-02, 1.49e-02]    []  
4000      [2.21e-02, 2.56e-02, 2.57e-02, 2.94e-03, 1.52e-02, 1.27e-02, 1.38e-02, 7.64e-03, 7.84e-03, 8.53e-03]    [8.73e-03, 1.17e-02, 8.96e-03, 1.42e-03, 1.52e-02, 1.27e-02, 1.38e-02, 7.64e-03, 7.84e-03, 8.53e-03]    []  
5000      [1.64e-02, 1.80e-02, 1.96e-02, 2.45e-03, 1.08e-02, 1.09e-02, 1.04e-02, 5.89e-03, 7.25e-03, 6.35e-03]    [6.39e-03, 8.14e-03, 6.59e-03, 1.23e-03, 1.08e-02, 1.09e-02, 1.04e-02, 5.89e-03, 7.25e-03, 6.35e-03]    []  
6000      [1.29e-02, 1.39e-02, 1.57e-02, 2.17e-03, 8.98e-03, 7.51e-03, 8.46e-03, 4.86e-03, 4.62e-03, 5.17e-03]    [5.08e-03, 6.50e-03, 5.26e-03, 1.13e-03, 8.98e-03, 7.51e-03, 8.46e-03, 4.86e-03, 4.62e-03, 5.17e-03]    []  
7000      [1.05e-02, 1.14e-02, 1.32e-02, 1.96e-03, 6.36e-03, 6.00e-03, 6.80e-03, 3.33e-03, 3.62e-03, 4.13e-03]    [4.15e-03, 5.32e-03, 4.42e-03, 1.02e-03, 6.36e-03, 6.00e-03, 6.80e-03, 3.33e-03, 3.62e-03, 4.13e-03]    []  
8000      [1.06e-02, 1.08e-02, 1.22e-02, 1.85e-03, 7.11e-03, 6.75e-03, 1.59e-01, 5.28e-03, 4.41e-03, 1.62e-01]    [5.03e-03, 5.24e-03, 5.10e-03, 1.06e-03, 7.11e-03, 6.75e-03, 1.59e-01, 5.28e-03, 4.41e-03, 1.62e-01]    []  
9000      [7.36e-03, 8.33e-03, 9.82e-03, 1.63e-03, 4.50e-03, 4.31e-03, 4.85e-03, 2.52e-03, 2.62e-03, 3.10e-03]    [2.95e-03, 4.03e-03, 3.38e-03, 8.43e-04, 4.50e-03, 4.31e-03, 4.85e-03, 2.52e-03, 2.62e-03, 3.10e-03]    []  
10000     [6.36e-03, 7.41e-03, 8.62e-03, 1.50e-03, 1.52e-02, 3.83e-03, 5.22e-03, 1.31e-02, 2.37e-03, 3.81e-03]    [2.60e-03, 3.82e-03, 2.98e-03, 7.80e-04, 1.52e-02, 3.83e-03, 5.22e-03, 1.31e-02, 2.37e-03, 3.81e-03]    []  
11000     [5.52e-03, 6.41e-03, 7.59e-03, 1.39e-03, 3.01e-03, 3.18e-03, 3.67e-03, 1.78e-03, 1.98e-03, 2.45e-03]    [2.25e-03, 3.15e-03, 2.74e-03, 7.04e-04, 3.01e-03, 3.18e-03, 3.67e-03, 1.78e-03, 1.98e-03, 2.45e-03]    []  
12000     [4.86e-03, 5.74e-03, 6.80e-03, 1.29e-03, 2.61e-03, 2.83e-03, 3.30e-03, 1.58e-03, 1.81e-03, 2.26e-03]    [2.00e-03, 2.86e-03, 2.52e-03, 6.60e-04, 2.61e-03, 2.83e-03, 3.30e-03, 1.58e-03, 1.81e-03, 2.26e-03]    []  
13000     [4.42e-03, 5.27e-03, 6.23e-03, 1.20e-03, 2.52e-03, 2.64e-03, 4.80e-03, 1.66e-03, 1.79e-03, 3.99e-03]    [1.89e-03, 2.68e-03, 2.35e-03, 6.08e-04, 2.52e-03, 2.64e-03, 4.80e-03, 1.66e-03, 1.79e-03, 3.99e-03]    []  
14000     [3.95e-03, 4.75e-03, 5.63e-03, 1.13e-03, 2.04e-03, 2.26e-03, 2.70e-03, 1.30e-03, 1.47e-03, 1.89e-03]    [1.67e-03, 2.40e-03, 2.19e-03, 5.75e-04, 2.04e-03, 2.26e-03, 2.70e-03, 1.30e-03, 1.47e-03, 1.89e-03]    []  
15000     [3.77e-03, 4.56e-03, 5.72e-03, 1.08e-03, 2.20e-03, 3.89e-02, 4.27e-03, 1.47e-03, 3.87e-02, 3.39e-03]    [1.60e-03, 2.33e-03, 2.42e-03, 5.04e-04, 2.20e-03, 3.89e-02, 4.27e-03, 1.47e-03, 3.87e-02, 3.39e-03]    []  
16000     [3.37e-03, 4.10e-03, 4.91e-03, 1.01e-03, 1.82e-03, 2.04e-03, 3.16e-03, 1.28e-03, 1.32e-03, 2.50e-03]    [1.44e-03, 2.05e-03, 1.96e-03, 5.07e-04, 1.82e-03, 2.04e-03, 3.16e-03, 1.28e-03, 1.32e-03, 2.50e-03]    []  
17000     [3.20e-03, 4.12e-03, 4.76e-03, 9.44e-04, 3.27e-02, 2.59e-03, 2.17e-03, 3.29e-02, 1.87e-03, 1.56e-03]    [1.46e-03, 2.35e-03, 1.92e-03, 4.98e-04, 3.27e-02, 2.59e-03, 2.17e-03, 3.29e-02, 1.87e-03, 1.56e-03]    []  
18000     [3.01e-03, 3.70e-03, 4.43e-03, 8.94e-04, 1.68e-03, 1.68e-02, 5.01e-03, 1.07e-03, 1.73e-02, 4.84e-03]    [1.35e-03, 1.97e-03, 1.94e-03, 4.84e-04, 1.68e-03, 1.68e-02, 5.01e-03, 1.07e-03, 1.73e-02, 4.84e-03]    []  
19000     [2.73e-03, 3.36e-03, 4.07e-03, 8.49e-04, 6.58e-03, 1.61e-03, 3.82e-03, 5.98e-03, 1.01e-03, 3.58e-03]    [1.22e-03, 1.76e-03, 1.69e-03, 4.53e-04, 6.58e-03, 1.61e-03, 3.82e-03, 5.98e-03, 1.01e-03, 3.58e-03]    []  
20000     [2.58e-03, 3.12e-03, 3.83e-03, 8.08e-04, 3.84e-03, 1.50e-03, 2.43e-03, 3.55e-03, 9.44e-04, 1.95e-03]    [1.14e-03, 1.51e-03, 1.63e-03, 4.16e-04, 3.84e-03, 1.50e-03, 2.43e-03, 3.55e-03, 9.44e-04, 1.95e-03]    []  
21000     [2.43e-03, 2.94e-03, 3.64e-03, 7.74e-04, 1.14e-03, 1.35e-03, 1.62e-03, 7.52e-04, 8.38e-04, 1.17e-03]    [1.09e-03, 1.46e-03, 1.55e-03, 4.10e-04, 1.14e-03, 1.35e-03, 1.62e-03, 7.52e-04, 8.38e-04, 1.17e-03]    []  
22000     [2.35e-03, 2.80e-03, 3.49e-03, 7.37e-04, 1.11e-03, 2.07e-03, 2.33e-03, 7.34e-04, 1.49e-03, 2.05e-03]    [1.04e-03, 1.40e-03, 1.52e-03, 3.94e-04, 1.11e-03, 2.07e-03, 2.33e-03, 7.34e-04, 1.49e-03, 2.05e-03]    []  
23000     [2.22e-03, 2.64e-03, 3.32e-03, 7.10e-04, 1.09e-03, 1.26e-03, 1.57e-03, 7.52e-04, 7.96e-04, 1.19e-03]    [1.00e-03, 1.30e-03, 1.45e-03, 3.83e-04, 1.09e-03, 1.26e-03, 1.57e-03, 7.52e-04, 7.96e-04, 1.19e-03]    []  
24000     [2.93e-03, 3.63e-03, 5.36e-03, 8.00e-04, 4.79e-03, 1.49e-01, 2.25e-02, 4.35e-03, 1.57e-01, 2.21e-02]    [1.53e-03, 1.87e-03, 3.12e-03, 3.61e-04, 4.79e-03, 1.49e-01, 2.25e-02, 4.35e-03, 1.57e-01, 2.21e-02]    []  
25000     [2.07e-03, 2.42e-03, 3.07e-03, 6.60e-04, 2.02e-03, 1.22e-03, 1.39e-03, 1.64e-03, 7.45e-04, 1.02e-03]    [9.56e-04, 1.23e-03, 1.33e-03, 3.57e-04, 2.02e-03, 1.22e-03, 1.39e-03, 1.64e-03, 7.45e-04, 1.02e-03]    []  
26000     [2.01e-03, 2.34e-03, 3.01e-03, 6.44e-04, 9.15e-04, 1.56e-03, 1.37e-03, 5.84e-04, 1.23e-03, 1.03e-03]    [9.25e-04, 1.18e-03, 1.34e-03, 3.57e-04, 9.15e-04, 1.56e-03, 1.37e-03, 5.84e-04, 1.23e-03, 1.03e-03]    []  
27000     [1.94e-03, 2.21e-03, 2.86e-03, 6.17e-04, 1.20e-03, 1.24e-03, 1.25e-03, 9.19e-04, 8.75e-04, 9.12e-04]    [8.85e-04, 1.09e-03, 1.27e-03, 3.39e-04, 1.20e-03, 1.24e-03, 1.25e-03, 9.19e-04, 8.75e-04, 9.12e-04]    []  
28000     [1.92e-03, 2.19e-03, 2.79e-03, 5.99e-04, 1.41e-03, 2.93e-03, 2.28e-03, 1.12e-03, 2.78e-03, 2.04e-03]    [9.03e-04, 1.15e-03, 1.25e-03, 3.31e-04, 1.41e-03, 2.93e-03, 2.28e-03, 1.12e-03, 2.78e-03, 2.04e-03]    []  
29000     [1.86e-03, 2.07e-03, 2.72e-03, 5.82e-04, 2.06e-03, 1.99e-03, 1.50e-03, 1.77e-03, 1.55e-03, 1.16e-03]    [8.74e-04, 1.06e-03, 1.20e-03, 3.13e-04, 2.06e-03, 1.99e-03, 1.50e-03, 1.77e-03, 1.55e-03, 1.16e-03]    []  
30000     [1.78e-03, 1.97e-03, 2.58e-03, 5.63e-04, 7.79e-04, 9.72e-04, 1.12e-03, 4.89e-04, 5.89e-04, 8.01e-04]    [8.28e-04, 9.98e-04, 1.15e-03, 3.10e-04, 7.79e-04, 9.72e-04, 1.12e-03, 4.89e-04, 5.89e-04, 8.01e-04]    []  

Best model at step 30000:
  train loss: 1.16e-02
  test loss: 8.03e-03
  test metric: []

'train' took 3473.660838 s

Compiling model...
'compile' took 0.000396 s

Training model...

Step      Train loss                                                                                              Test loss                                                                                               Test metric
30000     [1.78e-03, 1.97e-03, 2.58e-03, 5.63e-04, 7.79e-04, 9.72e-04, 1.12e-03, 4.89e-04, 5.89e-04, 8.01e-04]    [8.28e-04, 9.98e-04, 1.15e-03, 3.10e-04, 7.79e-04, 9.72e-04, 1.12e-03, 4.89e-04, 5.89e-04, 8.01e-04]    []  
31000     [4.10e-04, 4.44e-04, 4.09e-04, 1.11e-04, 1.62e-04, 2.41e-04, 1.99e-04, 9.88e-05, 1.37e-04, 1.07e-04]    [1.77e-04, 1.97e-04, 1.42e-04, 6.49e-05, 1.62e-04, 2.41e-04, 1.99e-04, 9.88e-05, 1.37e-04, 1.07e-04]    []  
32000     [2.24e-04, 2.34e-04, 1.92e-04, 5.64e-05, 9.12e-05, 9.90e-05, 1.03e-04, 4.20e-05, 6.71e-05, 6.43e-05]    [9.86e-05, 8.32e-05, 7.00e-05, 2.92e-05, 9.12e-05, 9.90e-05, 1.03e-04, 4.20e-05, 6.71e-05, 6.43e-05]    []  
33000     [1.46e-04, 1.56e-04, 1.26e-04, 4.10e-05, 6.05e-05, 6.69e-05, 7.23e-05, 3.13e-05, 4.25e-05, 4.04e-05]    [6.06e-05, 5.91e-05, 4.27e-05, 2.12e-05, 6.05e-05, 6.69e-05, 7.23e-05, 3.13e-05, 4.25e-05, 4.04e-05]    []  
34000     [9.80e-05, 1.13e-04, 9.51e-05, 3.05e-05, 4.73e-05, 4.93e-05, 5.43e-05, 2.78e-05, 3.05e-05, 2.88e-05]    [3.61e-05, 4.09e-05, 3.66e-05, 1.68e-05, 4.73e-05, 4.93e-05, 5.43e-05, 2.78e-05, 3.05e-05, 2.88e-05]    []  
35000     [7.36e-05, 8.68e-05, 7.45e-05, 2.54e-05, 3.47e-05, 3.98e-05, 3.85e-05, 2.23e-05, 2.17e-05, 2.28e-05]    [2.66e-05, 3.18e-05, 2.47e-05, 1.57e-05, 3.47e-05, 3.98e-05, 3.85e-05, 2.23e-05, 2.17e-05, 2.28e-05]    []  
36000     [5.92e-05, 6.84e-05, 5.92e-05, 2.08e-05, 2.71e-05, 3.27e-05, 2.91e-05, 1.69e-05, 1.79e-05, 1.83e-05]    [2.11e-05, 2.33e-05, 2.06e-05, 1.25e-05, 2.71e-05, 3.27e-05, 2.91e-05, 1.69e-05, 1.79e-05, 1.83e-05]    []  
37000     [4.95e-05, 5.67e-05, 5.32e-05, 1.70e-05, 2.07e-05, 2.92e-05, 2.35e-05, 1.27e-05, 1.57e-05, 1.47e-05]    [1.75e-05, 2.18e-05, 1.78e-05, 1.13e-05, 2.07e-05, 2.92e-05, 2.35e-05, 1.27e-05, 1.57e-05, 1.47e-05]    []  
38000     [4.02e-05, 4.92e-05, 4.55e-05, 1.43e-05, 1.87e-05, 2.53e-05, 2.03e-05, 1.02e-05, 1.37e-05, 1.26e-05]    [1.39e-05, 1.85e-05, 1.46e-05, 9.85e-06, 1.87e-05, 2.53e-05, 2.03e-05, 1.02e-05, 1.37e-05, 1.26e-05]    []  
39000     [3.42e-05, 4.34e-05, 3.93e-05, 1.20e-05, 1.65e-05, 2.26e-05, 1.84e-05, 9.46e-06, 1.20e-05, 1.01e-05]    [1.29e-05, 1.64e-05, 1.42e-05, 7.65e-06, 1.65e-05, 2.26e-05, 1.84e-05, 9.46e-06, 1.20e-05, 1.01e-05]    []  
40000     [2.98e-05, 3.96e-05, 3.31e-05, 9.98e-06, 1.53e-05, 1.95e-05, 1.71e-05, 7.59e-06, 1.01e-05, 8.62e-06]    [1.13e-05, 1.42e-05, 1.22e-05, 6.30e-06, 1.53e-05, 1.95e-05, 1.71e-05, 7.59e-06, 1.01e-05, 8.62e-06]    []  
41000     [2.72e-05, 3.52e-05, 2.90e-05, 8.89e-06, 1.39e-05, 1.73e-05, 1.47e-05, 7.19e-06, 9.38e-06, 7.65e-06]    [1.08e-05, 1.41e-05, 1.08e-05, 5.54e-06, 1.39e-05, 1.73e-05, 1.47e-05, 7.19e-06, 9.38e-06, 7.65e-06]    []  
42000     [2.42e-05, 3.30e-05, 2.59e-05, 7.83e-06, 1.27e-05, 1.50e-05, 1.30e-05, 6.86e-06, 8.19e-06, 7.07e-06]    [9.39e-06, 1.24e-05, 9.10e-06, 4.80e-06, 1.27e-05, 1.50e-05, 1.30e-05, 6.86e-06, 8.19e-06, 7.07e-06]    []  
42870     [2.21e-05, 3.07e-05, 2.45e-05, 7.50e-06, 1.14e-05, 1.32e-05, 1.22e-05, 6.67e-06, 7.08e-06, 6.93e-06]    [8.49e-06, 1.05e-05, 8.69e-06, 4.34e-06, 1.14e-05, 1.32e-05, 1.22e-05, 6.67e-06, 7.08e-06, 6.93e-06]    []  

Best model at step 42870:
  train loss: 1.42e-04
  test loss: 8.94e-05
  test metric: []

'train' took 1778.621571 s

Accuracy at t = 0:
Mean residual: 0.008195065
L2 relative error in u: 0.00037401815812112757
L2 relative error in v: 0.00037999803665781095
L2 relative error in w: 0.0004021982109102746


Accuracy at t = 1:
Mean residual: 0.0045115775
L2 relative error in u: 0.0010531705965884234
L2 relative error in v: 0.0012840514749465517
L2 relative error in w: 0.0012899181280640751
