Using backend: pytorch
Other supported backends: tensorflow.compat.v1, tensorflow, jax, paddle.
paddle supports more examples now and is recommended.
Warning: 283 points required, but 343 points sampled.
Warning: 10000 points required, but 12348 points sampled.
Compiling model...
'compile' took 0.206122 s

Training model...

Step      Train loss                                                                                              Test loss                                                                                               Test metric
0         [8.56e-02, 5.94e-02, 1.05e-01, 1.87e-01, 8.48e+01, 9.87e+01, 9.72e+01, 1.70e+02, 1.95e+02, 1.88e+02]    [7.73e-02, 5.80e-02, 9.54e-02, 2.02e-01, 8.48e+01, 9.87e+01, 9.72e+01, 1.70e+02, 1.95e+02, 1.88e+02]    []  
1000      [2.64e-01, 3.10e-01, 2.96e-01, 2.16e-02, 2.72e-01, 2.65e-01, 1.92e-01, 1.47e-01, 1.32e-01, 8.41e-02]    [9.00e-02, 1.10e-01, 8.99e-02, 1.30e-02, 2.72e-01, 2.65e-01, 1.92e-01, 1.47e-01, 1.32e-01, 8.41e-02]    []  
2000      [8.83e-02, 7.35e-02, 8.66e-02, 1.01e-02, 9.45e-02, 5.24e-02, 4.93e-02, 7.74e-02, 3.10e-02, 3.43e-02]    [3.38e-02, 2.86e-02, 2.88e-02, 6.18e-03, 9.45e-02, 5.24e-02, 4.93e-02, 7.74e-02, 3.10e-02, 3.43e-02]    []  
3000      [4.44e-02, 3.82e-02, 4.33e-02, 5.16e-03, 2.82e-02, 2.48e-02, 2.50e-02, 2.38e-02, 1.43e-02, 1.92e-02]    [1.56e-02, 1.49e-02, 1.37e-02, 2.75e-03, 2.82e-02, 2.48e-02, 2.50e-02, 2.38e-02, 1.43e-02, 1.92e-02]    []  
4000      [2.77e-02, 2.44e-02, 2.69e-02, 3.39e-03, 1.44e-02, 1.43e-02, 1.48e-02, 1.11e-02, 8.60e-03, 1.02e-02]    [9.61e-03, 9.09e-03, 8.87e-03, 1.90e-03, 1.44e-02, 1.43e-02, 1.48e-02, 1.11e-02, 8.60e-03, 1.02e-02]    []  
5000      [1.98e-02, 1.70e-02, 1.90e-02, 2.50e-03, 1.02e-02, 8.77e-03, 9.65e-03, 7.70e-03, 5.31e-03, 6.90e-03]    [7.10e-03, 6.06e-03, 6.49e-03, 1.44e-03, 1.02e-02, 8.77e-03, 9.65e-03, 7.70e-03, 5.31e-03, 6.90e-03]    []  
6000      [1.51e-02, 1.25e-02, 1.41e-02, 1.97e-03, 7.64e-03, 5.93e-03, 6.86e-03, 5.55e-03, 3.64e-03, 4.92e-03]    [5.60e-03, 4.33e-03, 4.77e-03, 1.12e-03, 7.64e-03, 5.93e-03, 6.86e-03, 5.55e-03, 3.64e-03, 4.92e-03]    []  
7000      [1.23e-02, 9.53e-03, 1.10e-02, 1.63e-03, 5.96e-03, 4.32e-03, 7.81e-03, 4.41e-03, 2.88e-03, 6.94e-03]    [4.85e-03, 3.35e-03, 3.70e-03, 8.75e-04, 5.96e-03, 4.32e-03, 7.81e-03, 4.41e-03, 2.88e-03, 6.94e-03]    []  
8000      [1.02e-02, 7.68e-03, 8.95e-03, 1.40e-03, 4.69e-03, 8.10e-03, 4.97e-03, 3.49e-03, 6.67e-03, 4.12e-03]    [4.09e-03, 2.78e-03, 3.02e-03, 7.13e-04, 4.69e-03, 8.10e-03, 4.97e-03, 3.49e-03, 6.67e-03, 4.12e-03]    []  
9000      [8.66e-03, 6.36e-03, 7.59e-03, 1.23e-03, 5.14e-03, 3.25e-03, 3.90e-03, 3.87e-03, 2.41e-03, 2.94e-03]    [3.51e-03, 2.38e-03, 2.55e-03, 6.15e-04, 5.14e-03, 3.25e-03, 3.90e-03, 3.87e-03, 2.41e-03, 2.94e-03]    []  
10000     [7.43e-03, 5.56e-03, 6.56e-03, 1.11e-03, 3.36e-03, 2.67e-03, 3.21e-03, 2.43e-03, 1.93e-03, 2.65e-03]    [3.13e-03, 2.21e-03, 2.28e-03, 5.40e-04, 3.36e-03, 2.67e-03, 3.21e-03, 2.43e-03, 1.93e-03, 2.65e-03]    []  
11000     [6.52e-03, 4.99e-03, 5.77e-03, 1.01e-03, 2.90e-03, 2.18e-03, 2.38e-03, 2.12e-03, 1.51e-03, 1.81e-03]    [2.75e-03, 2.02e-03, 2.02e-03, 4.77e-04, 2.90e-03, 2.18e-03, 2.38e-03, 2.12e-03, 1.51e-03, 1.81e-03]    []  
12000     [6.16e-03, 4.99e-03, 6.16e-03, 9.36e-04, 1.66e-02, 3.38e-02, 2.40e-02, 1.47e-02, 2.96e-02, 2.17e-02]    [2.70e-03, 2.18e-03, 2.87e-03, 4.81e-04, 1.66e-02, 3.38e-02, 2.40e-02, 1.47e-02, 2.96e-02, 2.17e-02]    []  
13000     [5.20e-03, 4.19e-03, 4.72e-03, 8.51e-04, 2.43e-03, 1.87e-03, 2.06e-03, 1.84e-03, 1.29e-03, 1.64e-03]    [2.26e-03, 1.80e-03, 1.71e-03, 3.82e-04, 2.43e-03, 1.87e-03, 2.06e-03, 1.84e-03, 1.29e-03, 1.64e-03]    []  
14000     [5.29e-03, 4.88e-03, 6.48e-03, 8.05e-04, 4.66e-02, 8.42e-02, 2.43e-02, 4.21e-02, 7.56e-02, 2.16e-02]    [2.42e-03, 2.43e-03, 3.70e-03, 4.00e-04, 4.66e-02, 8.42e-02, 2.43e-02, 4.21e-02, 7.56e-02, 2.16e-02]    []  
15000     [5.33e-03, 3.63e-03, 4.29e-03, 7.59e-04, 2.99e-03, 9.14e-03, 2.67e-02, 2.39e-03, 8.31e-03, 2.60e-02]    [2.62e-03, 1.55e-03, 1.60e-03, 3.87e-04, 2.99e-03, 9.14e-03, 2.67e-02, 2.39e-03, 8.31e-03, 2.60e-02]    []  
16000     [4.04e-03, 3.38e-03, 3.79e-03, 6.82e-04, 1.74e-03, 1.80e-03, 1.48e-03, 1.25e-03, 1.27e-03, 1.16e-03]    [1.80e-03, 1.51e-03, 1.45e-03, 2.99e-04, 1.74e-03, 1.80e-03, 1.48e-03, 1.25e-03, 1.27e-03, 1.16e-03]    []  
17000     [3.72e-03, 3.15e-03, 3.54e-03, 6.41e-04, 1.59e-03, 1.35e-03, 1.34e-03, 1.11e-03, 8.49e-04, 1.04e-03]    [1.64e-03, 1.40e-03, 1.34e-03, 2.81e-04, 1.59e-03, 1.35e-03, 1.34e-03, 1.11e-03, 8.49e-04, 1.04e-03]    []  
18000     [3.63e-03, 2.98e-03, 3.39e-03, 6.03e-04, 4.68e-03, 2.51e-03, 4.16e-03, 3.83e-03, 1.97e-03, 3.81e-03]    [1.69e-03, 1.37e-03, 1.35e-03, 2.53e-04, 4.68e-03, 2.51e-03, 4.16e-03, 3.83e-03, 1.97e-03, 3.81e-03]    []  
19000     [3.32e-03, 2.81e-03, 3.20e-03, 5.66e-04, 2.41e-03, 1.38e-03, 1.23e-03, 1.90e-03, 9.72e-04, 9.47e-04]    [1.49e-03, 1.26e-03, 1.25e-03, 2.49e-04, 2.41e-03, 1.38e-03, 1.23e-03, 1.90e-03, 9.72e-04, 9.47e-04]    []  
20000     [3.12e-03, 2.64e-03, 3.02e-03, 5.38e-04, 5.67e-03, 1.30e-03, 1.19e-03, 4.91e-03, 7.60e-04, 9.29e-04]    [1.39e-03, 1.20e-03, 1.22e-03, 2.40e-04, 5.67e-03, 1.30e-03, 1.19e-03, 4.91e-03, 7.60e-04, 9.29e-04]    []  
21000     [3.93e-03, 2.57e-03, 3.15e-03, 5.33e-04, 2.03e-03, 5.84e-03, 2.86e-02, 1.60e-03, 5.50e-03, 2.84e-02]    [2.09e-03, 1.14e-03, 1.29e-03, 2.82e-04, 2.03e-03, 5.84e-03, 2.86e-02, 1.60e-03, 5.50e-03, 2.84e-02]    []  
22000     [2.78e-03, 2.36e-03, 2.71e-03, 4.89e-04, 1.17e-03, 1.05e-03, 9.87e-04, 7.93e-04, 6.24e-04, 7.28e-04]    [1.24e-03, 1.05e-03, 1.11e-03, 2.27e-04, 1.17e-03, 1.05e-03, 9.87e-04, 7.93e-04, 6.24e-04, 7.28e-04]    []  
23000     [2.67e-03, 2.26e-03, 2.60e-03, 4.66e-04, 1.07e-03, 1.21e-03, 1.46e-03, 7.25e-04, 7.82e-04, 1.23e-03]    [1.19e-03, 9.96e-04, 1.10e-03, 2.25e-04, 1.07e-03, 1.21e-03, 1.46e-03, 7.25e-04, 7.82e-04, 1.23e-03]    []  
24000     [3.99e-03, 2.73e-03, 3.63e-03, 5.04e-04, 2.23e-03, 1.20e-02, 7.13e-02, 1.69e-03, 1.03e-02, 7.19e-02]    [2.41e-03, 1.30e-03, 1.94e-03, 3.13e-04, 2.23e-03, 1.20e-02, 7.13e-02, 1.69e-03, 1.03e-02, 7.19e-02]    []  
25000     [2.45e-03, 2.08e-03, 2.39e-03, 4.27e-04, 1.03e-03, 1.44e-03, 9.28e-04, 7.03e-04, 1.06e-03, 6.72e-04]    [1.10e-03, 9.16e-04, 1.02e-03, 2.07e-04, 1.03e-03, 1.44e-03, 9.28e-04, 7.03e-04, 1.06e-03, 6.72e-04]    []  
26000     [3.39e-03, 2.37e-03, 3.17e-03, 4.65e-04, 3.48e-03, 8.21e-03, 5.66e-02, 2.91e-03, 6.68e-03, 5.63e-02]    [2.01e-03, 1.12e-03, 1.66e-03, 2.95e-04, 3.48e-03, 8.21e-03, 5.66e-02, 2.91e-03, 6.68e-03, 5.63e-02]    []  
27000     [2.26e-03, 1.94e-03, 2.21e-03, 3.96e-04, 8.94e-04, 9.51e-04, 8.09e-04, 5.85e-04, 5.49e-04, 5.66e-04]    [1.02e-03, 8.41e-04, 9.30e-04, 2.03e-04, 8.94e-04, 9.51e-04, 8.09e-04, 5.85e-04, 5.49e-04, 5.66e-04]    []  
28000     [2.31e-03, 2.04e-03, 2.20e-03, 3.83e-04, 5.52e-03, 3.51e-03, 1.49e-03, 5.20e-03, 3.05e-03, 1.16e-03]    [1.12e-03, 9.21e-04, 8.94e-04, 1.97e-04, 5.52e-03, 3.51e-03, 1.49e-03, 5.20e-03, 3.05e-03, 1.16e-03]    []  
29000     [2.13e-03, 1.82e-03, 2.06e-03, 3.69e-04, 8.90e-04, 8.16e-04, 7.68e-04, 5.91e-04, 4.47e-04, 5.24e-04]    [9.68e-04, 7.93e-04, 8.74e-04, 1.97e-04, 8.90e-04, 8.16e-04, 7.68e-04, 5.91e-04, 4.47e-04, 5.24e-04]    []  
30000     [2.39e-03, 2.20e-03, 2.26e-03, 3.81e-04, 5.53e-02, 1.99e-03, 1.37e-03, 5.11e-02, 1.32e-03, 9.50e-04]    [1.18e-03, 1.20e-03, 9.86e-04, 2.04e-04, 5.53e-02, 1.99e-03, 1.37e-03, 5.11e-02, 1.32e-03, 9.50e-04]    []  

Best model at step 29000:
  train loss: 1.04e-02
  test loss: 6.87e-03
  test metric: []

'train' took 3478.688195 s

Compiling model...
'compile' took 0.000451 s

Training model...

Step      Train loss                                                                                              Test loss                                                                                               Test metric
30000     [2.39e-03, 2.20e-03, 2.26e-03, 3.81e-04, 5.53e-02, 1.99e-03, 1.37e-03, 5.11e-02, 1.32e-03, 9.50e-04]    [1.18e-03, 1.20e-03, 9.86e-04, 2.04e-04, 5.53e-02, 1.99e-03, 1.37e-03, 5.11e-02, 1.32e-03, 9.50e-04]    []  
31000     [4.42e-04, 4.42e-04, 3.90e-04, 9.79e-05, 2.37e-04, 2.31e-04, 1.88e-04, 1.40e-04, 1.29e-04, 1.01e-04]    [1.84e-04, 1.53e-04, 1.64e-04, 3.92e-05, 2.37e-04, 2.31e-04, 1.88e-04, 1.40e-04, 1.29e-04, 1.01e-04]    []  
32000     [2.23e-04, 1.95e-04, 2.19e-04, 4.72e-05, 1.36e-04, 1.08e-04, 8.74e-05, 5.69e-05, 5.73e-05, 4.75e-05]    [7.60e-05, 7.16e-05, 7.65e-05, 2.28e-05, 1.36e-04, 1.08e-04, 8.74e-05, 5.69e-05, 5.73e-05, 4.75e-05]    []  
33000     [1.34e-04, 1.22e-04, 1.23e-04, 3.20e-05, 7.92e-05, 7.19e-05, 5.79e-05, 3.68e-05, 3.57e-05, 3.27e-05]    [5.13e-05, 3.96e-05, 4.42e-05, 1.42e-05, 7.92e-05, 7.19e-05, 5.79e-05, 3.68e-05, 3.57e-05, 3.27e-05]    []  
34000     [9.85e-05, 8.82e-05, 9.33e-05, 2.22e-05, 5.00e-05, 5.08e-05, 4.15e-05, 2.28e-05, 2.49e-05, 1.91e-05]    [3.62e-05, 3.11e-05, 3.46e-05, 9.96e-06, 5.00e-05, 5.08e-05, 4.15e-05, 2.28e-05, 2.49e-05, 1.91e-05]    []  
35000     [7.36e-05, 6.53e-05, 6.98e-05, 1.82e-05, 3.54e-05, 4.09e-05, 3.01e-05, 1.85e-05, 1.73e-05, 1.37e-05]    [2.75e-05, 2.55e-05, 2.72e-05, 9.79e-06, 3.54e-05, 4.09e-05, 3.01e-05, 1.85e-05, 1.73e-05, 1.37e-05]    []  
36000     [5.74e-05, 5.36e-05, 5.27e-05, 1.43e-05, 2.59e-05, 3.13e-05, 2.41e-05, 1.59e-05, 1.43e-05, 1.24e-05]    [2.27e-05, 2.03e-05, 1.86e-05, 7.08e-06, 2.59e-05, 3.13e-05, 2.41e-05, 1.59e-05, 1.43e-05, 1.24e-05]    []  
37000     [4.65e-05, 4.56e-05, 4.37e-05, 1.23e-05, 2.12e-05, 2.61e-05, 2.06e-05, 1.24e-05, 1.20e-05, 1.07e-05]    [2.06e-05, 1.85e-05, 1.54e-05, 6.23e-06, 2.12e-05, 2.61e-05, 2.06e-05, 1.24e-05, 1.20e-05, 1.07e-05]    []  
38000     [3.92e-05, 4.05e-05, 3.54e-05, 1.02e-05, 1.74e-05, 2.28e-05, 1.71e-05, 1.07e-05, 8.76e-06, 9.06e-06]    [1.64e-05, 1.51e-05, 1.27e-05, 5.11e-06, 1.74e-05, 2.28e-05, 1.71e-05, 1.07e-05, 8.76e-06, 9.06e-06]    []  
39000     [3.40e-05, 3.53e-05, 3.10e-05, 8.61e-06, 1.47e-05, 1.93e-05, 1.58e-05, 9.32e-06, 8.04e-06, 7.96e-06]    [1.59e-05, 1.40e-05, 1.11e-05, 4.50e-06, 1.47e-05, 1.93e-05, 1.58e-05, 9.32e-06, 8.04e-06, 7.96e-06]    []  
40000     [3.01e-05, 3.07e-05, 2.70e-05, 7.89e-06, 1.22e-05, 1.67e-05, 1.46e-05, 8.39e-06, 7.10e-06, 7.21e-06]    [1.40e-05, 1.23e-05, 9.48e-06, 3.83e-06, 1.22e-05, 1.67e-05, 1.46e-05, 8.39e-06, 7.10e-06, 7.21e-06]    []  
41000     [2.72e-05, 2.77e-05, 2.36e-05, 7.20e-06, 1.13e-05, 1.50e-05, 1.28e-05, 7.04e-06, 6.69e-06, 6.30e-06]    [1.18e-05, 1.15e-05, 9.23e-06, 3.72e-06, 1.13e-05, 1.50e-05, 1.28e-05, 7.04e-06, 6.69e-06, 6.30e-06]    []  
42000     [2.46e-05, 2.51e-05, 2.16e-05, 6.37e-06, 1.02e-05, 1.36e-05, 1.08e-05, 6.23e-06, 5.36e-06, 5.37e-06]    [1.05e-05, 8.89e-06, 9.40e-06, 3.12e-06, 1.02e-05, 1.36e-05, 1.08e-05, 6.23e-06, 5.36e-06, 5.37e-06]    []  
43000     [2.27e-05, 2.23e-05, 1.92e-05, 5.63e-06, 9.50e-06, 1.21e-05, 9.65e-06, 5.35e-06, 4.96e-06, 4.49e-06]    [9.68e-06, 7.62e-06, 8.55e-06, 2.69e-06, 9.50e-06, 1.21e-05, 9.65e-06, 5.35e-06, 4.96e-06, 4.49e-06]    []  
44000     [2.14e-05, 2.04e-05, 1.71e-05, 5.35e-06, 8.58e-06, 1.05e-05, 8.29e-06, 4.83e-06, 4.96e-06, 4.04e-06]    [9.46e-06, 7.47e-06, 7.31e-06, 2.49e-06, 8.58e-06, 1.05e-05, 8.29e-06, 4.83e-06, 4.96e-06, 4.04e-06]    []  
44637     [2.00e-05, 1.95e-05, 1.56e-05, 5.06e-06, 8.10e-06, 9.69e-06, 8.05e-06, 4.89e-06, 4.49e-06, 3.96e-06]    [8.78e-06, 7.13e-06, 6.43e-06, 2.29e-06, 8.10e-06, 9.69e-06, 8.05e-06, 4.89e-06, 4.49e-06, 3.96e-06]    []  

Best model at step 44637:
  train loss: 9.93e-05
  test loss: 6.38e-05
  test metric: []

'train' took 2021.277726 s

Accuracy at t = 0:
Mean residual: 0.0066277236
L2 relative error in u: 0.00028824333787942733
L2 relative error in v: 0.00028594157581865004
L2 relative error in w: 0.0002611125299691047


Accuracy at t = 1:
Mean residual: 0.003552937
L2 relative error in u: 0.001044643398839897
L2 relative error in v: 0.0010759067650011884
L2 relative error in w: 0.0011781709737629935
Model saved to Beltrami_flow_model-44637.pt
